INFO:  latexindent.pl version 3.24.7, 2025-08-15, a script to indent .tex files
       latexindent.pl lives here: /opt/homebrew/Cellar/latexindent/3.24.7/libexec/bin/
       Sat Oct 25 16:37:22 2025
       Reading input from STDIN
INFO:  Processing switches:
       -m|--modifylinebreaks: modify line breaks
INFO:  Directory for backup files and log file indent.log:
       .
INFO:  Perl modules are being loaded from the following directories:
       /opt/homebrew/opt/perl/lib/perl5/5.40/FindBin.pm
       /opt/homebrew/Cellar/latexindent/3.24.7/libexec/lib/perl5/YAML/Tiny.pm
       /opt/homebrew/opt/perl/lib/perl5/5.40/File/Copy.pm
       /opt/homebrew/opt/perl/lib/perl5/5.40/File/Basename.pm
       /opt/homebrew/opt/perl/lib/perl5/5.40/Getopt/Long.pm
       /opt/homebrew/Cellar/latexindent/3.24.7/libexec/lib/perl5/File/HomeDir.pm
INFO:  LatexIndent perl modules are being loaded from, for example:
       /opt/homebrew/Cellar/latexindent/3.24.7/libexec/lib/perl5/LatexIndent/Document.pm
INFO:  YAML settings read: defaultSettings.yaml
       Reading defaultSettings.yaml from /opt/homebrew/Cellar/latexindent/3.24.7/libexec/bin/defaultSettings.yaml
INFO:  YAML reading settings
       The config file in "/Users/anton/.indentconfig.yaml" will be read
WARN:  The paths field cannot be read from /Users/anton/.indentconfig.yaml; this means it is either empty or contains invalid YAML
       See https://latexindentpl.readthedocs.io/en/latest/sec-indent-config-and-settings.html for an example
INFO:  -l switch used without filename, will search for the following files in turn:
       localSettings.yaml,latexindent.yaml,.localSettings.yaml,.latexindent.yaml
INFO:  YAML settings read: -l switch
       Multiple localSettings found, separated by commas:
       localSettings.yaml, latexindent.yaml, .localSettings.yaml, .latexindent.yaml
       Adding ./.localSettings.yaml to YAML read paths
INFO:  YAML settings, reading from the following files:
       Reading USER settings from ./.localSettings.yaml
       ---
       commandCodeBlocks:
         commandNameSpecial:
           - Require
           - cxtName
           - atr
           - atr
           - obj
         roundParenthesesAllowed: '1'
         stringsAllowedBetweenArguments:
           -
             amalgamate: '1'
       fineTuning:
         commands:
           name: '[+a-zA-Z@\*0-9_\:]+'
         environments:
           name: '[a-zA-Z@\*0-9_\\]+'
       indentRules:
         ForAll: "\t"
         If: "\t"
         State: "\t"
         While: "\t"
         algo: "\t"
         atr: "\t\t"
         cxt: "\t"
         cxtName: "\t\t"
         obj: "\t\t"
       lookForAlignDelims:
         obj:
           alignContentAfterDoubleBackSlash: '0'
           alignDoubleBackSlash: '0'
           alignRowsWithoutMaxDelims: '1'
           delimiterJustification: left
           delimiterRegEx: (?<=\})\s*(?=\{)
           delims: '1'
           lookForChildCodeBlocks: '0'
           multiColumnGrouping: '0'
           spacesAfterAmpersand: '1'
           spacesBeforeAmpersand: '1'
           spacesBeforeDoubleBackSlash: '0'
       modifyLineBreaks:
         commands:
           EndFor:
             CommandNameFinishesWithLineBreak: '1'
             CommandStartsOnOwnLine: '1'
           EndIf:
             CommandNameFinishesWithLineBreak: '1'
             CommandStartsOnOwnLine: '1'
           EndWhile:
             CommandNameFinishesWithLineBreak: '1'
             CommandStartsOnOwnLine: '1'
           Ensure:
             CommandNameFinishesWithLineBreak: '0'
             CommandStartsOnOwnLine: '1'
           ForAll:
             CommandNameFinishesWithLineBreak: '0'
             CommandStartsOnOwnLine: '1'
           If:
             CommandNameFinishesWithLineBreak: '0'
             CommandStartsOnOwnLine: '1'
           Require:
             CommandNameFinishesWithLineBreak: '0'
             CommandStartsOnOwnLine: '1'
           Return:
             CommandNameFinishesWithLineBreak: '0'
             CommandStartsOnOwnLine: '1'
           State:
             CommandNameFinishesWithLineBreak: '2'
             CommandStartsOnOwnLine: '2'
           While:
             CommandNameFinishesWithLineBreak: '0'
             CommandStartsOnOwnLine: '1'
           atr:
             CommandNameFinishesWithLineBreak: '1'
             CommandStartsOnOwnLine: '1'
           att:
             CommandNameFinishesWithLineBreak: '1'
             CommandStartsOnOwnLine: '1'
           cxtName:
             CommandNameFinishesWithLineBreak: '1'
             CommandStartsOnOwnLine: '1'
           obj:
             CommandNameFinishesWithLineBreak: '0'
             CommandStartsOnOwnLine: '1'
         condenseMultipleBlankLinesInto: '0'
         environments:
           algo:
             BeginStartsOnOwnLine: '1'
             BodyStartsOnOwnLine: '1'
             EndFinishesWithLineBreak: '1'
             EndStartsOnOwnLine: '1'
           cxt:
             BeginStartsOnOwnLine: '1'
             BodyStartsOnOwnLine: '1'
             EndFinishesWithLineBreak: '1'
             EndStartsOnOwnLine: '1'
           rcxt:
             BeginStartsOnOwnLine: '1'
             BodyStartsOnOwnLine: '1'
             EndFinishesWithLineBreak: '1'
             EndStartsOnOwnLine: '1'
         preserveBlankLines: '1'
       noAdditionalIndent:
         algo: '0'
         atr: '0'
         cxt: '0'
         cxtName: '0'
         obj: '0'
       noAdditionalIndentGlobal:
         UnNamedGroupingBracesBrackets: '0'
         afterHeading: '0'
         commands: '1'
         environments: '0'
         filecontents: '0'
         ifElseFi: '0'
         items: '0'
         keyEqualsValuesBracesBrackets: '0'
         mandatoryArguments: '0'
         namedGroupingBracesBrackets: '0'
         optionalArguments: '0'
         specialBeginEnd: '0'
       verbatimEnvironments:
         lstlisting: '1'
         minted: '1'
         verbatim: '0'

INFO:  Phase 1: searching for objects
INFO:  Phase 2: finding surrounding indentation
INFO:  Phase 3: indenting objects
INFO:  Phase 4: final indentation check
INFO:  Output routine:
       Not outputting to file; see -w and -o switches for more options.
       --------------
INFO:  Please direct all communication/issues to:
        https://github.com/cmhughes/latexindent.pl
